Performing C SOURCE FILE Test CMAKE_HAVE_LIBC_PTHREAD failed with the following output:
Change Dir: /home/salabeta/robocomp/components/Grupo-G4X1/Practica5/CMakeFiles/CMakeTmp

Run Build Command(s):/usr/bin/make cmTC_d56ac/fast && /usr/bin/make -f CMakeFiles/cmTC_d56ac.dir/build.make CMakeFiles/cmTC_d56ac.dir/build
make[1]: se entra en el directorio '/home/salabeta/robocomp/components/Grupo-G4X1/Practica5/CMakeFiles/CMakeTmp'
Building C object CMakeFiles/cmTC_d56ac.dir/src.c.o
/usr/bin/cc   -DCMAKE_HAVE_LIBC_PTHREAD   -o CMakeFiles/cmTC_d56ac.dir/src.c.o   -c /home/salabeta/robocomp/components/Grupo-G4X1/Practica5/CMakeFiles/CMakeTmp/src.c
Linking C executable cmTC_d56ac
/usr/bin/cmake -E cmake_link_script CMakeFiles/cmTC_d56ac.dir/link.txt --verbose=1
/usr/bin/cc  -DCMAKE_HAVE_LIBC_PTHREAD    -rdynamic CMakeFiles/cmTC_d56ac.dir/src.c.o  -o cmTC_d56ac 
/usr/bin/ld: CMakeFiles/cmTC_d56ac.dir/src.c.o: en la función `main':
src.c:(.text+0x46): referencia a `pthread_create' sin definir
/usr/bin/ld: src.c:(.text+0x52): referencia a `pthread_detach' sin definir
/usr/bin/ld: src.c:(.text+0x63): referencia a `pthread_join' sin definir
collect2: error: ld returned 1 exit status
make[1]: *** [CMakeFiles/cmTC_d56ac.dir/build.make:87: cmTC_d56ac] Error 1
make[1]: se sale del directorio '/home/salabeta/robocomp/components/Grupo-G4X1/Practica5/CMakeFiles/CMakeTmp'
make: *** [Makefile:121: cmTC_d56ac/fast] Error 2


Source file was:
#include <pthread.h>

void* test_func(void* data)
{
  return data;
}

int main(void)
{
  pthread_t thread;
  pthread_create(&thread, NULL, test_func, NULL);
  pthread_detach(thread);
  pthread_join(thread, NULL);
  pthread_atfork(NULL, NULL, NULL);
  pthread_exit(NULL);

  return 0;
}

Determining if the function pthread_create exists in the pthreads failed with the following output:
Change Dir: /home/salabeta/robocomp/components/Grupo-G4X1/Practica5/CMakeFiles/CMakeTmp

Run Build Command(s):/usr/bin/make cmTC_19c36/fast && /usr/bin/make -f CMakeFiles/cmTC_19c36.dir/build.make CMakeFiles/cmTC_19c36.dir/build
make[1]: se entra en el directorio '/home/salabeta/robocomp/components/Grupo-G4X1/Practica5/CMakeFiles/CMakeTmp'
Building C object CMakeFiles/cmTC_19c36.dir/CheckFunctionExists.c.o
/usr/bin/cc   -DCHECK_FUNCTION_EXISTS=pthread_create   -o CMakeFiles/cmTC_19c36.dir/CheckFunctionExists.c.o   -c /usr/share/cmake-3.16/Modules/CheckFunctionExists.c
Linking C executable cmTC_19c36
/usr/bin/cmake -E cmake_link_script CMakeFiles/cmTC_19c36.dir/link.txt --verbose=1
/usr/bin/cc  -DCHECK_FUNCTION_EXISTS=pthread_create    -rdynamic CMakeFiles/cmTC_19c36.dir/CheckFunctionExists.c.o  -o cmTC_19c36  -lpthreads 
/usr/bin/ld: no se puede encontrar -lpthreads
collect2: error: ld returned 1 exit status
make[1]: *** [CMakeFiles/cmTC_19c36.dir/build.make:87: cmTC_19c36] Error 1
make[1]: se sale del directorio '/home/salabeta/robocomp/components/Grupo-G4X1/Practica5/CMakeFiles/CMakeTmp'
make: *** [Makefile:121: cmTC_19c36/fast] Error 2



Performing C SOURCE FILE Test CMAKE_HAVE_LIBC_PTHREAD failed with the following output:
Change Dir: /home/noel/robocomp/components/robocomp-robolab/components/Grupo-G4X1/Practica5/CMakeFiles/CMakeTmp

Run Build Command(s):/usr/bin/make cmTC_07064/fast && /usr/bin/make -f CMakeFiles/cmTC_07064.dir/build.make CMakeFiles/cmTC_07064.dir/build
make[1]: se entra en el directorio '/home/noel/robocomp/components/robocomp-robolab/components/Grupo-G4X1/Practica5/CMakeFiles/CMakeTmp'
Building C object CMakeFiles/cmTC_07064.dir/src.c.o
/usr/bin/cc   -DCMAKE_HAVE_LIBC_PTHREAD   -o CMakeFiles/cmTC_07064.dir/src.c.o   -c /home/noel/robocomp/components/robocomp-robolab/components/Grupo-G4X1/Practica5/CMakeFiles/CMakeTmp/src.c
Linking C executable cmTC_07064
/usr/bin/cmake -E cmake_link_script CMakeFiles/cmTC_07064.dir/link.txt --verbose=1
/usr/bin/cc  -DCMAKE_HAVE_LIBC_PTHREAD    -rdynamic CMakeFiles/cmTC_07064.dir/src.c.o  -o cmTC_07064 
/usr/bin/ld: CMakeFiles/cmTC_07064.dir/src.c.o: en la función `main':
src.c:(.text+0x46): referencia a `pthread_create' sin definir
/usr/bin/ld: src.c:(.text+0x52): referencia a `pthread_detach' sin definir
/usr/bin/ld: src.c:(.text+0x63): referencia a `pthread_join' sin definir
collect2: error: ld returned 1 exit status
make[1]: *** [CMakeFiles/cmTC_07064.dir/build.make:87: cmTC_07064] Error 1
make[1]: se sale del directorio '/home/noel/robocomp/components/robocomp-robolab/components/Grupo-G4X1/Practica5/CMakeFiles/CMakeTmp'
make: *** [Makefile:121: cmTC_07064/fast] Error 2


Source file was:
#include <pthread.h>

void* test_func(void* data)
{
  return data;
}

int main(void)
{
  pthread_t thread;
  pthread_create(&thread, NULL, test_func, NULL);
  pthread_detach(thread);
  pthread_join(thread, NULL);
  pthread_atfork(NULL, NULL, NULL);
  pthread_exit(NULL);

  return 0;
}

Determining if the function pthread_create exists in the pthreads failed with the following output:
Change Dir: /home/noel/robocomp/components/robocomp-robolab/components/Grupo-G4X1/Practica5/CMakeFiles/CMakeTmp

Run Build Command(s):/usr/bin/make cmTC_30525/fast && /usr/bin/make -f CMakeFiles/cmTC_30525.dir/build.make CMakeFiles/cmTC_30525.dir/build
make[1]: se entra en el directorio '/home/noel/robocomp/components/robocomp-robolab/components/Grupo-G4X1/Practica5/CMakeFiles/CMakeTmp'
Building C object CMakeFiles/cmTC_30525.dir/CheckFunctionExists.c.o
/usr/bin/cc   -DCHECK_FUNCTION_EXISTS=pthread_create   -o CMakeFiles/cmTC_30525.dir/CheckFunctionExists.c.o   -c /usr/share/cmake-3.16/Modules/CheckFunctionExists.c
Linking C executable cmTC_30525
/usr/bin/cmake -E cmake_link_script CMakeFiles/cmTC_30525.dir/link.txt --verbose=1
/usr/bin/cc  -DCHECK_FUNCTION_EXISTS=pthread_create    -rdynamic CMakeFiles/cmTC_30525.dir/CheckFunctionExists.c.o  -o cmTC_30525  -lpthreads 
/usr/bin/ld: no se puede encontrar -lpthreads
collect2: error: ld returned 1 exit status
make[1]: *** [CMakeFiles/cmTC_30525.dir/build.make:87: cmTC_30525] Error 1
make[1]: se sale del directorio '/home/noel/robocomp/components/robocomp-robolab/components/Grupo-G4X1/Practica5/CMakeFiles/CMakeTmp'
make: *** [Makefile:121: cmTC_30525/fast] Error 2



